#
# There is insufficient memory for the Java Runtime Environment to continue.
# Native memory allocation (mmap) failed to map 268435456 bytes. Error detail: G1 virtual space
# Possible reasons:
#   The system is out of physical RAM or swap space
#   This process is running with CompressedOops enabled, and the Java Heap may be blocking the growth of the native heap
# Possible solutions:
#   Reduce memory load on the system
#   Increase physical memory or swap space
#   Check if swap backing store is full
#   Decrease Java heap size (-Xmx/-Xms)
#   Decrease number of Java threads
#   Decrease Java thread stack sizes (-Xss)
#   Set larger code cache with -XX:ReservedCodeCacheSize=
#   JVM is running with Zero Based Compressed Oops mode in which the Java heap is
#     placed in the first 32GB address space. The Java Heap base address is the
#     maximum limit for the native heap growth. Please use -XX:HeapBaseMinAddress
#     to set the Java Heap base and to place the Java Heap above 32GB virtual address.
# This output file may be truncated or incomplete.
#
#  Out of Memory Error (os_windows.cpp:3815), pid=20588, tid=21660
#
# JRE version:  (21.0.3) (build )
# Java VM: OpenJDK 64-Bit Server VM (21.0.3+-12282718-b509.11, mixed mode, sharing, tiered, compressed oops, compressed class ptrs, g1 gc, windows-amd64)
# No core dump will be written. Minidumps are not enabled by default on client versions of Windows
#

---------------  S U M M A R Y ------------

Command Line: -Dorg.gradle.appname=gradlew org.gradle.wrapper.GradleWrapperMain -q -Ptarget-platform=android-arm64 -Ptarget=C:\Users\hidehiko\Documents\GitHub\music_player_for_youtube_premium\lib\main.dart -Pbase-application-name=android.app.Application -Pdart-obfuscation=false -Ptrack-widget-creation=true -Ptree-shake-icons=false -Pfilesystem-scheme=org-dartlang-root assembleDebug

Host: AMD Ryzen 7 5700X 8-Core Processor             , 16 cores, 15G,  Windows 11 , 64 bit Build 26100 (10.0.26100.3037)
Time: Thu Feb  6 20:52:28 2025  Windows 11 , 64 bit Build 26100 (10.0.26100.3037) elapsed time: 2.025299 seconds (0d 0h 0m 2s)

---------------  T H R E A D  ---------------

Current thread (0x0000025ec2501990):  JavaThread "Unknown thread" [_thread_in_vm, id=21660, stack(0x000000d0af400000,0x000000d0af500000) (1024K)]

Stack: [0x000000d0af400000,0x000000d0af500000]
Native frames: (J=compiled Java code, j=interpreted, Vv=VM code, C=native code)
V  [jvm.dll+0x6cafb9]
V  [jvm.dll+0x858523]
V  [jvm.dll+0x85aa7e]
V  [jvm.dll+0x85b163]
V  [jvm.dll+0x27d356]
V  [jvm.dll+0x6c7865]
V  [jvm.dll+0x6bbd3a]
V  [jvm.dll+0x35199b]
V  [jvm.dll+0x3595d6]
V  [jvm.dll+0x3aa826]
V  [jvm.dll+0x3aaaf8]
V  [jvm.dll+0x3240bc]
V  [jvm.dll+0x324dab]
V  [jvm.dll+0x81fd89]
V  [jvm.dll+0x3b7c08]
V  [jvm.dll+0x80921d]
V  [jvm.dll+0x44c05e]
V  [jvm.dll+0x44d6b1]
C  [jli.dll+0x52ab]
C  [ucrtbase.dll+0x37b0]
C  [KERNEL32.DLL+0x2e8d7]
C  [ntdll.dll+0xbbf2c]


---------------  P R O C E S S  ---------------

Threads class SMR info:
_java_thread_list=0x00007ffc46b457c8, length=0, elements={
}

Java Threads: ( => current thread )
Total: 0

Other Threads:
  0x0000025ec24de020 WorkerThread "GC Thread#0"                     [id=27464, stack(0x000000d0af500000,0x000000d0af600000) (1024K)]
  0x0000025ec3f81b80 ConcurrentGCThread "G1 Main Marker"            [id=24988, stack(0x000000d0af600000,0x000000d0af700000) (1024K)]
  0x0000025ec24deb00 WorkerThread "G1 Conc#0"                       [id=21968, stack(0x000000d0af700000,0x000000d0af800000) (1024K)]

[error occurred during error reporting (printing all threads), id 0xc0000005, EXCEPTION_ACCESS_VIOLATION (0xc0000005) at pc=0x00007ffc46347197]
VM state: not at safepoint (not fully initialized)

VM Mutex/Monitor currently owned by a thread:  ([mutex/lock_event])
[0x00007ffc46bb21c8] Heap_lock - owner thread: 0x0000025ec2501990

Heap address: 0x0000000701a00000, size: 4070 MB, Compressed Oops mode: Zero based, Oop shift amount: 3

CDS archive(s) mapped at: [0x0000000000000000-0x0000000000000000-0x0000000000000000), size 0, SharedBaseAddress: 0x0000000800000000, ArchiveRelocationMode: 1.
Narrow klass base: 0x0000000000000000, Narrow klass shift: 0, Narrow klass range: 0x0

GC Precious Log:
 CardTable entry size: 512
 Card Set container configuration: InlinePtr #cards 4 size 8 Array Of Cards #cards 16 size 48 Howl #buckets 8 coarsen threshold 3686 Howl Bitmap #cards 512 size 80 coarsen threshold 460 Card regions per heap region 1 cards per card region 4096

Heap:
 garbage-first heap   total 0K, used 0K [0x0000000701a00000, 0x0000000800000000)
  region size 2048K, 0 young (0K), 0 survivors (0K)
 Metaspace       used 0K, committed 0K, reserved 0K
  class space    used 0K, committed 0K, reserved 0K

Heap Regions: E=young(eden), S=young(survivor), O=old, HS=humongous(starts), HC=humongous(continues), CS=collection set, F=free, TAMS=top-at-mark-start, PB=parsable bottom

Card table byte_map: [0x0000025ed7880000,0x0000025ed8080000] _byte_map_base: 0x0000025ed4073000

Marking Bits: (CMBitMap*) 0x0000025ec3f32840
 Bits: [0x0000025ed8080000, 0x0000025edc018000)

GC Heap History (0 events):
No events

Dll operation events (1 events):
Event: 0.007 Loaded shared library C:\Program Files\Android\Android Studio\jbr\bin\java.dll

Deoptimization events (0 events):
No events

Classes loaded (0 events):
No events

Classes unloaded (0 events):
No events

Classes redefined (0 events):
No events

Internal exceptions (0 events):
No events

ZGC Phase Switch (0 events):
No events

VM Operations (0 events):
No events

Events (0 events):
No events


Dynamic libraries:
0x00007ff6d9680000 - 0x00007ff6d968a000 	C:\Program Files\Android\Android Studio\jbr\bin\java.exe
0x00007ffd10660000 - 0x00007ffd108c3000 	C:\WINDOWS\SYSTEM32\ntdll.dll
0x00007ffd0f7d0000 - 0x00007ffd0f897000 	C:\WINDOWS\System32\KERNEL32.DLL
0x00007ffd0ddf0000 - 0x00007ffd0e1b7000 	C:\WINDOWS\System32\KERNELBASE.dll
0x00007ffd0e1f0000 - 0x00007ffd0e33c000 	C:\WINDOWS\System32\ucrtbase.dll
0x00007ffcdd370000 - 0x00007ffcdd388000 	C:\Program Files\Android\Android Studio\jbr\bin\jli.dll
0x00007ffcdcc80000 - 0x00007ffcdcc9b000 	C:\Program Files\Android\Android Studio\jbr\bin\VCRUNTIME140.dll
0x00007ffd0f480000 - 0x00007ffd0f649000 	C:\WINDOWS\System32\USER32.dll
0x00007ffd0e1c0000 - 0x00007ffd0e1e7000 	C:\WINDOWS\System32\win32u.dll
0x00007ffcf03b0000 - 0x00007ffcf0640000 	C:\WINDOWS\WinSxS\amd64_microsoft.windows.common-controls_6595b64144ccf1df_6.0.26100.3037_none_3e09262ce333c378\COMCTL32.dll
0x00007ffd0f6e0000 - 0x00007ffd0f70a000 	C:\WINDOWS\System32\GDI32.dll
0x00007ffd10380000 - 0x00007ffd10429000 	C:\WINDOWS\System32\msvcrt.dll
0x00007ffd0dc10000 - 0x00007ffd0dd3b000 	C:\WINDOWS\System32\gdi32full.dll
0x00007ffd0dd40000 - 0x00007ffd0dde3000 	C:\WINDOWS\System32\msvcp_win.dll
0x00007ffd0f020000 - 0x00007ffd0f04f000 	C:\WINDOWS\System32\IMM32.DLL
0x00007ffd06cf0000 - 0x00007ffd06cfc000 	C:\Program Files\Android\Android Studio\jbr\bin\vcruntime140_1.dll
0x00007ffca14d0000 - 0x00007ffca155d000 	C:\Program Files\Android\Android Studio\jbr\bin\msvcp140.dll
0x00007ffc46010000 - 0x00007ffc46c8d000 	C:\Program Files\Android\Android Studio\jbr\bin\server\jvm.dll
0x00007ffd10430000 - 0x00007ffd104e4000 	C:\WINDOWS\System32\ADVAPI32.dll
0x00007ffd0f8a0000 - 0x00007ffd0f946000 	C:\WINDOWS\System32\sechost.dll
0x00007ffd0f070000 - 0x00007ffd0f186000 	C:\WINDOWS\System32\RPCRT4.dll
0x00007ffd0f990000 - 0x00007ffd0fa04000 	C:\WINDOWS\System32\WS2_32.dll
0x00007ffd0d1d0000 - 0x00007ffd0d21e000 	C:\WINDOWS\SYSTEM32\POWRPROF.dll
0x00007ffd06080000 - 0x00007ffd0608b000 	C:\WINDOWS\SYSTEM32\VERSION.dll
0x00007ffcfe760000 - 0x00007ffcfe796000 	C:\WINDOWS\SYSTEM32\WINMM.dll
0x00007ffd0d190000 - 0x00007ffd0d1a4000 	C:\WINDOWS\SYSTEM32\UMPDC.dll
0x00007ffd0c800000 - 0x00007ffd0c81a000 	C:\WINDOWS\SYSTEM32\kernel.appcore.dll
0x00007ffcfd960000 - 0x00007ffcfd96a000 	C:\Program Files\Android\Android Studio\jbr\bin\jimage.dll
0x00007ffcfdb30000 - 0x00007ffcfdd71000 	C:\WINDOWS\SYSTEM32\DBGHELP.DLL
0x00007ffd0ec90000 - 0x00007ffd0f00e000 	C:\WINDOWS\System32\combase.dll
0x00007ffd10120000 - 0x00007ffd101f6000 	C:\WINDOWS\System32\OLEAUT32.dll
0x00007ffcc9f40000 - 0x00007ffcc9f79000 	C:\WINDOWS\SYSTEM32\dbgcore.DLL
0x00007ffd0e340000 - 0x00007ffd0e3d9000 	C:\WINDOWS\System32\bcryptPrimitives.dll
0x00007ffcdbd60000 - 0x00007ffcdbd7f000 	C:\Program Files\Android\Android Studio\jbr\bin\java.dll

dbghelp: loaded successfully - version: 4.0.5 - missing functions: none
symbol engine: initialized successfully - sym options: 0x614 - pdb path: .;C:\Program Files\Android\Android Studio\jbr\bin;C:\WINDOWS\SYSTEM32;C:\WINDOWS\WinSxS\amd64_microsoft.windows.common-controls_6595b64144ccf1df_6.0.26100.3037_none_3e09262ce333c378;C:\Program Files\Android\Android Studio\jbr\bin\server

VM Arguments:
jvm_args: -Dorg.gradle.appname=gradlew 
java_command: org.gradle.wrapper.GradleWrapperMain -q -Ptarget-platform=android-arm64 -Ptarget=C:\Users\hidehiko\Documents\GitHub\music_player_for_youtube_premium\lib\main.dart -Pbase-application-name=android.app.Application -Pdart-obfuscation=false -Ptrack-widget-creation=true -Ptree-shake-icons=false -Pfilesystem-scheme=org-dartlang-root assembleDebug
java_class_path (initial): C:\Users\hidehiko\Documents\GitHub\music_player_for_youtube_premium\android\\gradle\wrapper\gradle-wrapper.jar
Launcher Type: SUN_STANDARD

[Global flags]
     intx CICompilerCount                          = 12                                        {product} {ergonomic}
     uint ConcGCThreads                            = 3                                         {product} {ergonomic}
     uint G1ConcRefinementThreads                  = 13                                        {product} {ergonomic}
   size_t G1HeapRegionSize                         = 2097152                                   {product} {ergonomic}
    uintx GCDrainStackTargetSize                   = 64                                        {product} {ergonomic}
   size_t InitialHeapSize                          = 268435456                                 {product} {ergonomic}
   size_t MarkStackSize                            = 4194304                                   {product} {ergonomic}
   size_t MaxHeapSize                              = 4267704320                                {product} {ergonomic}
   size_t MinHeapDeltaBytes                        = 2097152                                   {product} {ergonomic}
   size_t MinHeapSize                              = 8388608                                   {product} {ergonomic}
    uintx NonNMethodCodeHeapSize                   = 7602480                                {pd product} {ergonomic}
    uintx NonProfiledCodeHeapSize                  = 122027880                              {pd product} {ergonomic}
    uintx ProfiledCodeHeapSize                     = 122027880                              {pd product} {ergonomic}
    uintx ReservedCodeCacheSize                    = 251658240                              {pd product} {ergonomic}
     bool SegmentedCodeCache                       = true                                      {product} {ergonomic}
   size_t SoftMaxHeapSize                          = 4267704320                             {manageable} {ergonomic}
     bool UseCompressedOops                        = true                           {product lp64_product} {ergonomic}
     bool UseG1GC                                  = true                                      {product} {ergonomic}
     bool UseLargePagesIndividualAllocation        = false                                  {pd product} {ergonomic}

Logging:
Log output configuration:
 #0: stdout all=warning uptime,level,tags foldmultilines=false
 #1: stderr all=off uptime,level,tags foldmultilines=false

Environment Variables:
JAVA_HOME=C:\Program Files\Android\Android Studio\jbr
CLASSPATH=C:\Users\hidehiko\Documents\GitHub\music_player_for_youtube_premium\android\\gradle\wrapper\gradle-wrapper.jar
PATH=C:\Program Files\Android\Android Studio\jbr\bin;C:\Program Files\Common Files\Oracle\Java\javapath;D:\flutter\bin;C:\Program Files\Git\cmd;C:\Program Files\Docker\Docker\resources\bin;C:\Users\hidehiko\scoop\shims;C:\Users\hidehiko\AppData\Local\Programs\Python\Python312\Scripts;C:\Users\hidehiko\AppData\Local\Microsoft\WindowsApps;C:\texlive\2023\bin\windows;C:\Users\hidehiko\AppData\Local\Programs\Microsoft VS Code\bin;C:\Users\hidehiko\AppData\Local\GitHubDesktop\bin;C:\Users\hidehiko\AppData\Roaming\Programs\Zero Install;C:\Users\hidehiko\AppData\Local\Microsoft\WindowsApps;C:\Users\hidehiko\AppData\Local\Android\Sdk\platform-tools\;C:\Program Files\JetBrains\PyCharm 2024.3.2\bin;;C:\Program Files\JetBrains\PyCharm Community Edition 2024.3.2\bin;;C:\Program Files\Java\jdk-23\bin;C:\kotlinc\bin;C:\Windows\System32;C:\Users\hidehiko\scoop\apps\gradle\8.12.1\bin;C:\Windows\System32\WindowsPowerShell\v1.0\;;D:\flutter\bin\mingit\cmd;D:\flutter\bin\mingit\cmd
USERNAME=hidehiko
OS=Windows_NT
PROCESSOR_IDENTIFIER=AMD64 Family 25 Model 33 Stepping 2, AuthenticAMD
TMP=C:\Users\hidehiko\AppData\Local\Temp
TEMP=C:\Users\hidehiko\AppData\Local\Temp




Periodic native trim disabled

JNI global refs:
JNI global refs: 0, weak refs: 0

JNI global refs memory usage: 0, weak refs: 0

Process memory usage:
Resident Set Size: 13608K (0% of 16663772K total physical memory with 4885984K free physical memory)

OOME stack traces (most recent first):
Classloader memory used:

---------------  S Y S T E M  ---------------

OS:
 Windows 11 , 64 bit Build 26100 (10.0.26100.3037)
OS uptime: 0 days 9:36 hours
Hyper-V role detected

CPU: total 16 (initial active 16) (16 cores per cpu, 2 threads per core) family 25 model 33 stepping 2 microcode 0xa20120a, cx8, cmov, fxsr, ht, mmx, 3dnowpref, sse, sse2, sse3, ssse3, sse4a, sse4.1, sse4.2, popcnt, lzcnt, tsc, tscinvbit, avx, avx2, aes, erms, clmul, bmi1, bmi2, adx, sha, fma, vzeroupper, clflush, clflushopt, hv, rdtscp, rdpid, fsrm, f16c, cet_ss
Processor Information for all 16 processors :
  Max Mhz: 3401, Current Mhz: 3401, Mhz Limit: 3401

Memory: 4k page, system-wide physical 16273M (4771M free)
TotalPageFile size 21273M (AvailPageFile size 12M)
current process WorkingSet (physical memory assigned to process): 13M, peak: 13M
current process commit charge ("private bytes"): 70M, peak: 326M

vm_info: OpenJDK 64-Bit Server VM (21.0.3+-12282718-b509.11) for windows-amd64 JRE (21.0.3+-12282718-b509.11), built on 2024-08-27T17:34:15Z by "builder" with MS VC++ 16.10 / 16.11 (VS2019)

END.
